2026-05-27 02:06:33,984:WARNING:
'cuml' is a soft dependency and not included in the pycaret installation. Please run: `pip install cuml` to install.
2026-05-27 02:06:33,985:WARNING:
'cuml' is a soft dependency and not included in the pycaret installation. Please run: `pip install cuml` to install.
2026-05-27 02:06:33,986:WARNING:
'cuml' is a soft dependency and not included in the pycaret installation. Please run: `pip install cuml` to install.
2026-05-27 02:06:33,986:WARNING:
'cuml' is a soft dependency and not included in the pycaret installation. Please run: `pip install cuml` to install.
2026-05-27 13:26:24,301:WARNING:
'cuml' is a soft dependency and not included in the pycaret installation. Please run: `pip install cuml` to install.
2026-05-27 13:26:24,301:WARNING:
'cuml' is a soft dependency and not included in the pycaret installation. Please run: `pip install cuml` to install.
2026-05-27 13:26:24,301:WARNING:
'cuml' is a soft dependency and not included in the pycaret installation. Please run: `pip install cuml` to install.
2026-05-27 13:26:24,301:WARNING:
'cuml' is a soft dependency and not included in the pycaret installation. Please run: `pip install cuml` to install.
2026-05-27 13:48:40,661:INFO:PyCaret ClassificationExperiment
2026-05-27 13:48:40,661:INFO:Logging name: clf-default-name
2026-05-27 13:48:40,661:INFO:ML Usecase: MLUsecase.CLASSIFICATION
2026-05-27 13:48:40,661:INFO:version 3.3.2
2026-05-27 13:48:40,662:INFO:Initializing setup()
2026-05-27 13:48:40,662:INFO:self.USI: 44fe
2026-05-27 13:48:40,662:INFO:self._variable_keys: {'exp_id', 'n_jobs_param', 'fold_shuffle_param', 'seed', 'data', 'USI', 'X_test', 'X', 'exp_name_log', 'html_param', 'memory', 'y_train', '_ml_usecase', 'y', 'fold_groups_param', 'fix_imbalance', 'idx', 'is_multiclass', 'X_train', 'pipeline', 'logging_param', 'target_param', 'log_plots_param', '_available_plots', 'fold_generator', 'y_test', 'gpu_param', 'gpu_n_jobs_param'}
2026-05-27 13:48:40,662:INFO:Checking environment
2026-05-27 13:48:40,662:INFO:python_version: 3.10.9
2026-05-27 13:48:40,662:INFO:python_build: ('v3.10.9:1dd9be6584', 'Dec  6 2022 14:37:36')
2026-05-27 13:48:40,662:INFO:machine: arm64
2026-05-27 13:48:40,713:INFO:platform: macOS-26.2-arm64-arm-64bit
2026-05-27 13:48:40,713:INFO:Memory: svmem(total=17179869184, available=4640407552, percent=73.0, used=6670860288, free=174030848, active=4424728576, inactive=4451254272, wired=2246131712)
2026-05-27 13:48:40,713:INFO:Physical Core: 8
2026-05-27 13:48:40,713:INFO:Logical Core: 8
2026-05-27 13:48:40,713:INFO:Checking libraries
2026-05-27 13:48:40,713:INFO:System:
2026-05-27 13:48:40,713:INFO:    python: 3.10.9 (v3.10.9:1dd9be6584, Dec  6 2022, 14:37:36) [Clang 13.0.0 (clang-1300.0.29.30)]
2026-05-27 13:48:40,713:INFO:executable: /Users/javierrafaelmitogonguemanguema/Desktop/MASTER CLASSES/DATAHEALTH/FINALPROJECT/DatahealthProject/project_venv/bin/python3
2026-05-27 13:48:40,713:INFO:   machine: macOS-26.2-arm64-arm-64bit
2026-05-27 13:48:40,713:INFO:PyCaret required dependencies:
2026-05-27 13:48:40,714:WARNING:/Users/javierrafaelmitogonguemanguema/Desktop/MASTER CLASSES/DATAHEALTH/FINALPROJECT/DatahealthProject/project_venv/lib/python3.10/site-packages/_distutils_hack/__init__.py:33: UserWarning: Setuptools is replacing distutils.
  warnings.warn("Setuptools is replacing distutils.")

2026-05-27 13:48:40,745:INFO:                 pip: 26.1.1
2026-05-27 13:48:40,745:INFO:          setuptools: 65.5.0
2026-05-27 13:48:40,745:INFO:             pycaret: 3.3.2
2026-05-27 13:48:40,745:INFO:             IPython: 8.39.0
2026-05-27 13:48:40,745:INFO:          ipywidgets: 8.1.8
2026-05-27 13:48:40,745:INFO:                tqdm: 4.67.3
2026-05-27 13:48:40,745:INFO:               numpy: 1.26.4
2026-05-27 13:48:40,745:INFO:              pandas: 2.1.4
2026-05-27 13:48:40,745:INFO:              jinja2: 3.1.6
2026-05-27 13:48:40,745:INFO:               scipy: 1.11.4
2026-05-27 13:48:40,745:INFO:              joblib: 1.3.2
2026-05-27 13:48:40,745:INFO:             sklearn: 1.4.2
2026-05-27 13:48:40,745:INFO:                pyod: 3.4.0
2026-05-27 13:48:40,746:INFO:            imblearn: 0.14.1
2026-05-27 13:48:40,746:INFO:   category_encoders: 2.7.0
2026-05-27 13:48:40,746:INFO:            lightgbm: 4.6.0
2026-05-27 13:48:40,746:INFO:               numba: 0.65.1
2026-05-27 13:48:40,746:INFO:            requests: 2.34.2
2026-05-27 13:48:40,746:INFO:          matplotlib: 3.7.5
2026-05-27 13:48:40,746:INFO:          scikitplot: 0.3.7
2026-05-27 13:48:40,746:INFO:         yellowbrick: 1.5
2026-05-27 13:48:40,746:INFO:              plotly: 6.7.0
2026-05-27 13:48:40,746:INFO:    plotly-resampler: Not installed
2026-05-27 13:48:40,746:INFO:             kaleido: 1.3.0
2026-05-27 13:48:40,746:INFO:           schemdraw: 0.15
2026-05-27 13:48:40,746:INFO:         statsmodels: 0.14.6
2026-05-27 13:48:40,746:INFO:              sktime: 0.26.0
2026-05-27 13:48:40,746:INFO:               tbats: 1.1.3
2026-05-27 13:48:40,746:INFO:            pmdarima: 2.0.4
2026-05-27 13:48:40,746:INFO:              psutil: 7.2.2
2026-05-27 13:48:40,746:INFO:          markupsafe: 3.0.3
2026-05-27 13:48:40,746:INFO:             pickle5: Not installed
2026-05-27 13:48:40,746:INFO:         cloudpickle: 3.1.2
2026-05-27 13:48:40,746:INFO:         deprecation: 2.1.0
2026-05-27 13:48:40,746:INFO:              xxhash: 3.7.0
2026-05-27 13:48:40,746:INFO:           wurlitzer: 3.1.1
2026-05-27 13:48:40,746:INFO:PyCaret optional dependencies:
2026-05-27 13:48:40,802:INFO:                shap: Not installed
2026-05-27 13:48:40,802:INFO:           interpret: Not installed
2026-05-27 13:48:40,802:INFO:                umap: Not installed
2026-05-27 13:48:40,802:INFO:     ydata_profiling: Not installed
2026-05-27 13:48:40,802:INFO:  explainerdashboard: Not installed
2026-05-27 13:48:40,802:INFO:             autoviz: Not installed
2026-05-27 13:48:40,802:INFO:           fairlearn: Not installed
2026-05-27 13:48:40,802:INFO:          deepchecks: Not installed
2026-05-27 13:48:40,802:INFO:             xgboost: 3.2.0
2026-05-27 13:48:40,802:INFO:            catboost: Not installed
2026-05-27 13:48:40,802:INFO:              kmodes: Not installed
2026-05-27 13:48:40,802:INFO:             mlxtend: Not installed
2026-05-27 13:48:40,802:INFO:       statsforecast: Not installed
2026-05-27 13:48:40,802:INFO:        tune_sklearn: Not installed
2026-05-27 13:48:40,802:INFO:                 ray: Not installed
2026-05-27 13:48:40,802:INFO:            hyperopt: Not installed
2026-05-27 13:48:40,802:INFO:              optuna: Not installed
2026-05-27 13:48:40,802:INFO:               skopt: Not installed
2026-05-27 13:48:40,802:INFO:              mlflow: Not installed
2026-05-27 13:48:40,803:INFO:              gradio: Not installed
2026-05-27 13:48:40,803:INFO:             fastapi: Not installed
2026-05-27 13:48:40,803:INFO:             uvicorn: Not installed
2026-05-27 13:48:40,803:INFO:              m2cgen: Not installed
2026-05-27 13:48:40,803:INFO:           evidently: Not installed
2026-05-27 13:48:40,803:INFO:               fugue: Not installed
2026-05-27 13:48:40,803:INFO:           streamlit: Not installed
2026-05-27 13:48:40,803:INFO:             prophet: Not installed
2026-05-27 13:48:40,803:INFO:None
2026-05-27 13:48:40,803:INFO:Set up data.
2026-05-27 13:48:40,806:INFO:Set up folding strategy.
2026-05-27 13:48:40,806:INFO:Set up train/test split.
2026-05-27 13:48:40,810:INFO:Set up index.
2026-05-27 13:48:40,811:INFO:Assigning column types.
2026-05-27 13:48:40,812:INFO:Engine successfully changes for model 'lr' to 'sklearn'.
2026-05-27 13:48:40,827:INFO:Engine for model 'knn' has not been set explicitly, hence returning None.
2026-05-27 13:48:40,829:INFO:Engine for model 'rbfsvm' has not been set explicitly, hence returning None.
2026-05-27 13:48:40,841:INFO:Soft dependency imported: xgboost: 3.2.0
2026-05-27 13:48:40,842:WARNING:
'catboost' is a soft dependency and not included in the pycaret installation. Please run: `pip install catboost` to install.
Alternately, you can install this by running `pip install pycaret[models]`
2026-05-27 13:48:40,857:INFO:Engine for model 'knn' has not been set explicitly, hence returning None.
2026-05-27 13:48:40,857:INFO:Engine for model 'rbfsvm' has not been set explicitly, hence returning None.
2026-05-27 13:48:40,866:INFO:Soft dependency imported: xgboost: 3.2.0
2026-05-27 13:48:40,867:WARNING:
'catboost' is a soft dependency and not included in the pycaret installation. Please run: `pip install catboost` to install.
Alternately, you can install this by running `pip install pycaret[models]`
2026-05-27 13:48:40,867:INFO:Engine successfully changes for model 'knn' to 'sklearn'.
2026-05-27 13:48:40,882:INFO:Engine for model 'rbfsvm' has not been set explicitly, hence returning None.
2026-05-27 13:48:40,891:INFO:Soft dependency imported: xgboost: 3.2.0
2026-05-27 13:48:40,892:WARNING:
'catboost' is a soft dependency and not included in the pycaret installation. Please run: `pip install catboost` to install.
Alternately, you can install this by running `pip install pycaret[models]`
2026-05-27 13:48:40,907:INFO:Engine for model 'rbfsvm' has not been set explicitly, hence returning None.
2026-05-27 13:48:40,916:INFO:Soft dependency imported: xgboost: 3.2.0
2026-05-27 13:48:40,917:WARNING:
'catboost' is a soft dependency and not included in the pycaret installation. Please run: `pip install catboost` to install.
Alternately, you can install this by running `pip install pycaret[models]`
2026-05-27 13:48:40,917:INFO:Engine successfully changes for model 'rbfsvm' to 'sklearn'.
2026-05-27 13:48:40,941:INFO:Soft dependency imported: xgboost: 3.2.0
2026-05-27 13:48:40,941:WARNING:
'catboost' is a soft dependency and not included in the pycaret installation. Please run: `pip install catboost` to install.
Alternately, you can install this by running `pip install pycaret[models]`
2026-05-27 13:48:40,965:INFO:Soft dependency imported: xgboost: 3.2.0
2026-05-27 13:48:40,966:WARNING:
'catboost' is a soft dependency and not included in the pycaret installation. Please run: `pip install catboost` to install.
Alternately, you can install this by running `pip install pycaret[models]`
2026-05-27 13:48:40,968:INFO:Preparing preprocessing pipeline...
2026-05-27 13:48:40,969:INFO:Set up simple imputation.
2026-05-27 13:48:40,978:INFO:Finished creating preprocessing pipeline.
2026-05-27 13:48:40,980:INFO:Pipeline: Pipeline(memory=FastMemory(location=/var/folders/85/zrchlz817rjfk5h0xt5cn3z00000gn/T/joblib),
         steps=[('numerical_imputer',
                 TransformerWrapper(exclude=None, include=None,
                                    transformer=DropImputer(columns=['temperature',
                                                                     'mean_bp',
                                                                     'heart_rate',
                                                                     'alt',
                                                                     'ast',
                                                                     'icu_los_hours',
                                                                     'mechanical_ventilation',
                                                                     'resp_rate',
                                                                     'creatinine',
                                                                     'glucose',
                                                                     'bilirubin_total',
                                                                     'age',
                                                                     'dialysis',
                                                                     'spo2',
                                                                     'wbc',
                                                                     'platelets',
                                                                     'bun',
                                                                     'vasopressor',
                                                                     'lactate']))),
                ('categorical_imputer',
                 TransformerWrapper(exclude=None, include=None,
                                    transformer=DropImputer(columns=[])))],
         verbose=False)
2026-05-27 13:48:40,980:INFO:Creating final display dataframe.
2026-05-27 13:48:41,008:INFO:Setup _display_container:                     Description               Value
0                    Session id                6711
1                        Target  hospital_mortality
2                   Target type              Binary
3           Original data shape          (6252, 20)
4        Transformed data shape          (6252, 20)
5   Transformed train set shape          (5001, 20)
6    Transformed test set shape          (1251, 20)
7              Numeric features                  19
8                    Preprocess                True
9               Imputation type              simple
10           Numeric imputation                drop
11       Categorical imputation                drop
12               Fold Generator     StratifiedKFold
13                  Fold Number                  10
14                     CPU Jobs                  -1
15                      Use GPU               False
16               Log Experiment               False
17              Experiment Name    clf-default-name
18                          USI                44fe
2026-05-27 13:48:41,032:INFO:Soft dependency imported: xgboost: 3.2.0
2026-05-27 13:48:41,033:WARNING:
'catboost' is a soft dependency and not included in the pycaret installation. Please run: `pip install catboost` to install.
Alternately, you can install this by running `pip install pycaret[models]`
2026-05-27 13:48:41,058:INFO:Soft dependency imported: xgboost: 3.2.0
2026-05-27 13:48:41,059:WARNING:
'catboost' is a soft dependency and not included in the pycaret installation. Please run: `pip install catboost` to install.
Alternately, you can install this by running `pip install pycaret[models]`
2026-05-27 13:48:41,060:INFO:setup() successfully completed in 0.4s...............
2026-05-27 13:48:41,060:INFO:Initializing compare_models()
2026-05-27 13:48:41,060:INFO:compare_models(self=<pycaret.classification.oop.ClassificationExperiment object at 0x30c624910>, include=None, fold=None, round=4, cross_validation=True, sort=Accuracy, n_select=1, budget_time=None, turbo=True, errors=ignore, fit_kwargs=None, groups=None, experiment_custom_tags=None, probability_threshold=None, verbose=False, parallel=None, caller_params={'self': <pycaret.classification.oop.ClassificationExperiment object at 0x30c624910>, 'include': None, 'exclude': None, 'fold': None, 'round': 4, 'cross_validation': True, 'sort': 'Accuracy', 'n_select': 1, 'budget_time': None, 'turbo': True, 'errors': 'ignore', 'fit_kwargs': None, 'groups': None, 'experiment_custom_tags': None, 'probability_threshold': None, 'engine': None, 'verbose': False, 'parallel': None, '__class__': <class 'pycaret.classification.oop.ClassificationExperiment'>}, exclude=None)
2026-05-27 13:48:41,060:INFO:Checking exceptions
2026-05-27 13:48:41,062:INFO:Preparing display monitor
2026-05-27 13:48:41,063:INFO:Initializing Logistic Regression
2026-05-27 13:48:41,063:INFO:Total runtime is 4.3312708536783854e-07 minutes
2026-05-27 13:48:41,063:INFO:SubProcess create_model() called ==================================
2026-05-27 13:48:41,063:INFO:Initializing create_model()
2026-05-27 13:48:41,063:INFO:create_model(self=<pycaret.classification.oop.ClassificationExperiment object at 0x30c624910>, estimator=lr, fold=StratifiedKFold(n_splits=10, random_state=None, shuffle=False), round=4, cross_validation=True, predict=True, fit_kwargs={}, groups=None, refit=False, probability_threshold=None, experiment_custom_tags=None, verbose=False, system=False, add_to_model_list=True, metrics=None, display=<pycaret.internal.display.display.CommonDisplay object at 0x310028a60>, model_only=True, return_train_score=False, error_score=0.0, kwargs={})
2026-05-27 13:48:41,064:INFO:Checking exceptions
2026-05-27 13:48:41,064:INFO:Importing libraries
2026-05-27 13:48:41,064:INFO:Copying training dataset
2026-05-27 13:48:41,067:INFO:Defining folds
2026-05-27 13:48:41,068:INFO:Declaring metric variables
2026-05-27 13:48:41,068:INFO:Importing untrained model
2026-05-27 13:48:41,068:INFO:Logistic Regression Imported successfully
2026-05-27 13:48:41,068:INFO:Starting cross validation
2026-05-27 13:48:41,068:INFO:Cross validating with StratifiedKFold(n_splits=10, random_state=None, shuffle=False), n_jobs=-1
2026-05-27 13:48:43,568:WARNING:/Users/javierrafaelmitogonguemanguema/Desktop/MASTER CLASSES/DATAHEALTH/FINALPROJECT/DatahealthProject/project_venv/lib/python3.10/site-packages/_distutils_hack/__init__.py:33: UserWarning: Setuptools is replacing distutils.
  warnings.warn("Setuptools is replacing distutils.")

2026-05-27 13:48:43,568:WARNING:/Users/javierrafaelmitogonguemanguema/Desktop/MASTER CLASSES/DATAHEALTH/FINALPROJECT/DatahealthProject/project_venv/lib/python3.10/site-packages/_distutils_hack/__init__.py:33: UserWarning: Setuptools is replacing distutils.
  warnings.warn("Setuptools is replacing distutils.")

2026-05-27 13:48:43,568:WARNING:/Users/javierrafaelmitogonguemanguema/Desktop/MASTER CLASSES/DATAHEALTH/FINALPROJECT/DatahealthProject/project_venv/lib/python3.10/site-packages/_distutils_hack/__init__.py:33: UserWarning: Setuptools is replacing distutils.
  warnings.warn("Setuptools is replacing distutils.")

2026-05-27 13:48:43,568:WARNING:/Users/javierrafaelmitogonguemanguema/Desktop/MASTER CLASSES/DATAHEALTH/FINALPROJECT/DatahealthProject/project_venv/lib/python3.10/site-packages/_distutils_hack/__init__.py:33: UserWarning: Setuptools is replacing distutils.
  warnings.warn("Setuptools is replacing distutils.")

2026-05-27 13:48:43,568:WARNING:/Users/javierrafaelmitogonguemanguema/Desktop/MASTER CLASSES/DATAHEALTH/FINALPROJECT/DatahealthProject/project_venv/lib/python3.10/site-packages/_distutils_hack/__init__.py:33: UserWarning: Setuptools is replacing distutils.
  warnings.warn("Setuptools is replacing distutils.")

2026-05-27 13:48:43,577:WARNING:/Users/javierrafaelmitogonguemanguema/Desktop/MASTER CLASSES/DATAHEALTH/FINALPROJECT/DatahealthProject/project_venv/lib/python3.10/site-packages/_distutils_hack/__init__.py:33: UserWarning: Setuptools is replacing distutils.
  warnings.warn("Setuptools is replacing distutils.")

2026-05-27 13:48:43,593:WARNING:/Users/javierrafaelmitogonguemanguema/Desktop/MASTER CLASSES/DATAHEALTH/FINALPROJECT/DatahealthProject/project_venv/lib/python3.10/site-packages/_distutils_hack/__init__.py:33: UserWarning: Setuptools is replacing distutils.
  warnings.warn("Setuptools is replacing distutils.")

2026-05-27 13:48:43,594:WARNING:/Users/javierrafaelmitogonguemanguema/Desktop/MASTER CLASSES/DATAHEALTH/FINALPROJECT/DatahealthProject/project_venv/lib/python3.10/site-packages/_distutils_hack/__init__.py:33: UserWarning: Setuptools is replacing distutils.
  warnings.warn("Setuptools is replacing distutils.")

2026-05-27 13:48:43,878:WARNING:/Users/javierrafaelmitogonguemanguema/Desktop/MASTER CLASSES/DATAHEALTH/FINALPROJECT/DatahealthProject/project_venv/lib/python3.10/site-packages/sklearn/linear_model/_logistic.py:469: ConvergenceWarning: lbfgs failed to converge (status=1):
STOP: TOTAL NO. of ITERATIONS REACHED LIMIT.

Increase the number of iterations (max_iter) or scale the data as shown in:
    https://scikit-learn.org/stable/modules/preprocessing.html
Please also refer to the documentation for alternative solver options:
    https://scikit-learn.org/stable/modules/linear_model.html#logistic-regression
  n_iter_i = _check_optimize_result(

2026-05-27 13:48:43,885:WARNING:/Users/javierrafaelmitogonguemanguema/Desktop/MASTER CLASSES/DATAHEALTH/FINALPROJECT/DatahealthProject/project_venv/lib/python3.10/site-packages/sklearn/linear_model/_logistic.py:469: ConvergenceWarning: lbfgs failed to converge (status=1):
STOP: TOTAL NO. of ITERATIONS REACHED LIMIT.

Increase the number of iterations (max_iter) or scale the data as shown in:
    https://scikit-learn.org/stable/modules/preprocessing.html
Please also refer to the documentation for alternative solver options:
    https://scikit-learn.org/stable/modules/linear_model.html#logistic-regression
  n_iter_i = _check_optimize_result(

2026-05-27 13:48:43,892:WARNING:/Users/javierrafaelmitogonguemanguema/Desktop/MASTER CLASSES/DATAHEALTH/FINALPROJECT/DatahealthProject/project_venv/lib/python3.10/site-packages/sklearn/linear_model/_logistic.py:469: ConvergenceWarning: lbfgs failed to converge (status=1):
STOP: TOTAL NO. of ITERATIONS REACHED LIMIT.

Increase the number of iterations (max_iter) or scale the data as shown in:
    https://scikit-learn.org/stable/modules/preprocessing.html
Please also refer to the documentation for alternative solver options:
    https://scikit-learn.org/stable/modules/linear_model.html#logistic-regression
  n_iter_i = _check_optimize_result(

2026-05-27 13:48:43,893:WARNING:/Users/javierrafaelmitogonguemanguema/Desktop/MASTER CLASSES/DATAHEALTH/FINALPROJECT/DatahealthProject/project_venv/lib/python3.10/site-packages/sklearn/linear_model/_logistic.py:469: ConvergenceWarning: lbfgs failed to converge (status=1):
STOP: TOTAL NO. of ITERATIONS REACHED LIMIT.

Increase the number of iterations (max_iter) or scale the data as shown in:
    https://scikit-learn.org/stable/modules/preprocessing.html
Please also refer to the documentation for alternative solver options:
    https://scikit-learn.org/stable/modules/linear_model.html#logistic-regression
  n_iter_i = _check_optimize_result(

2026-05-27 13:48:43,900:WARNING:/Users/javierrafaelmitogonguemanguema/Desktop/MASTER CLASSES/DATAHEALTH/FINALPROJECT/DatahealthProject/project_venv/lib/python3.10/site-packages/sklearn/linear_model/_logistic.py:469: ConvergenceWarning: lbfgs failed to converge (status=1):
STOP: TOTAL NO. of ITERATIONS REACHED LIMIT.

Increase the number of iterations (max_iter) or scale the data as shown in:
    https://scikit-learn.org/stable/modules/preprocessing.html
Please also refer to the documentation for alternative solver options:
    https://scikit-learn.org/stable/modules/linear_model.html#logistic-regression
  n_iter_i = _check_optimize_result(

2026-05-27 13:48:43,905:WARNING:/Users/javierrafaelmitogonguemanguema/Desktop/MASTER CLASSES/DATAHEALTH/FINALPROJECT/DatahealthProject/project_venv/lib/python3.10/site-packages/sklearn/linear_model/_logistic.py:469: ConvergenceWarning: lbfgs failed to converge (status=1):
STOP: TOTAL NO. of ITERATIONS REACHED LIMIT.

Increase the number of iterations (max_iter) or scale the data as shown in:
    https://scikit-learn.org/stable/modules/preprocessing.html
Please also refer to the documentation for alternative solver options:
    https://scikit-learn.org/stable/modules/linear_model.html#logistic-regression
  n_iter_i = _check_optimize_result(

2026-05-27 13:48:43,913:WARNING:/Users/javierrafaelmitogonguemanguema/Desktop/MASTER CLASSES/DATAHEALTH/FINALPROJECT/DatahealthProject/project_venv/lib/python3.10/site-packages/sklearn/linear_model/_logistic.py:469: ConvergenceWarning: lbfgs failed to converge (status=1):
STOP: TOTAL NO. of ITERATIONS REACHED LIMIT.

Increase the number of iterations (max_iter) or scale the data as shown in:
    https://scikit-learn.org/stable/modules/preprocessing.html
Please also refer to the documentation for alternative solver options:
    https://scikit-learn.org/stable/modules/linear_model.html#logistic-regression
  n_iter_i = _check_optimize_result(

2026-05-27 13:48:43,924:WARNING:/Users/javierrafaelmitogonguemanguema/Desktop/MASTER CLASSES/DATAHEALTH/FINALPROJECT/DatahealthProject/project_venv/lib/python3.10/site-packages/sklearn/linear_model/_logistic.py:469: ConvergenceWarning: lbfgs failed to converge (status=1):
STOP: TOTAL NO. of ITERATIONS REACHED LIMIT.

Increase the number of iterations (max_iter) or scale the data as shown in:
    https://scikit-learn.org/stable/modules/preprocessing.html
Please also refer to the documentation for alternative solver options:
    https://scikit-learn.org/stable/modules/linear_model.html#logistic-regression
  n_iter_i = _check_optimize_result(

2026-05-27 13:48:44,086:WARNING:/Users/javierrafaelmitogonguemanguema/Desktop/MASTER CLASSES/DATAHEALTH/FINALPROJECT/DatahealthProject/project_venv/lib/python3.10/site-packages/sklearn/linear_model/_logistic.py:469: ConvergenceWarning: lbfgs failed to converge (status=1):
STOP: TOTAL NO. of ITERATIONS REACHED LIMIT.

Increase the number of iterations (max_iter) or scale the data as shown in:
    https://scikit-learn.org/stable/modules/preprocessing.html
Please also refer to the documentation for alternative solver options:
    https://scikit-learn.org/stable/modules/linear_model.html#logistic-regression
  n_iter_i = _check_optimize_result(

2026-05-27 13:48:44,089:WARNING:/Users/javierrafaelmitogonguemanguema/Desktop/MASTER CLASSES/DATAHEALTH/FINALPROJECT/DatahealthProject/project_venv/lib/python3.10/site-packages/sklearn/linear_model/_logistic.py:469: ConvergenceWarning: lbfgs failed to converge (status=1):
STOP: TOTAL NO. of ITERATIONS REACHED LIMIT.

Increase the number of iterations (max_iter) or scale the data as shown in:
    https://scikit-learn.org/stable/modules/preprocessing.html
Please also refer to the documentation for alternative solver options:
    https://scikit-learn.org/stable/modules/linear_model.html#logistic-regression
  n_iter_i = _check_optimize_result(

2026-05-27 13:48:44,104:INFO:Calculating mean and std
2026-05-27 13:48:44,105:INFO:Creating metrics dataframe
2026-05-27 13:48:44,107:INFO:Uploading results into container
2026-05-27 13:48:44,107:INFO:Uploading model into container now
2026-05-27 13:48:44,107:INFO:_master_model_container: 1
2026-05-27 13:48:44,107:INFO:_display_container: 2
2026-05-27 13:48:44,108:INFO:LogisticRegression(C=1.0, class_weight=None, dual=False, fit_intercept=True,
                   intercept_scaling=1, l1_ratio=None, max_iter=1000,
                   multi_class='auto', n_jobs=None, penalty='l2',
                   random_state=6711, solver='lbfgs', tol=0.0001, verbose=0,
                   warm_start=False)
2026-05-27 13:48:44,108:INFO:create_model() successfully completed......................................
2026-05-27 13:48:44,206:INFO:SubProcess create_model() end ==================================
2026-05-27 13:48:44,207:INFO:Creating metrics dataframe
2026-05-27 13:48:44,207:INFO:Initializing K Neighbors Classifier
2026-05-27 13:48:44,207:INFO:Total runtime is 0.052401034037272136 minutes
2026-05-27 13:48:44,207:INFO:SubProcess create_model() called ==================================
2026-05-27 13:48:44,207:INFO:Initializing create_model()
2026-05-27 13:48:44,208:INFO:create_model(self=<pycaret.classification.oop.ClassificationExperiment object at 0x30c624910>, estimator=knn, fold=StratifiedKFold(n_splits=10, random_state=None, shuffle=False), round=4, cross_validation=True, predict=True, fit_kwargs={}, groups=None, refit=False, probability_threshold=None, experiment_custom_tags=None, verbose=False, system=False, add_to_model_list=True, metrics=None, display=<pycaret.internal.display.display.CommonDisplay object at 0x310028a60>, model_only=True, return_train_score=False, error_score=0.0, kwargs={})
2026-05-27 13:48:44,208:INFO:Checking exceptions
2026-05-27 13:48:44,208:INFO:Importing libraries
2026-05-27 13:48:44,208:INFO:Copying training dataset
2026-05-27 13:48:44,211:INFO:Defining folds
2026-05-27 13:48:44,211:INFO:Declaring metric variables
2026-05-27 13:48:44,211:INFO:Importing untrained model
2026-05-27 13:48:44,211:INFO:K Neighbors Classifier Imported successfully
2026-05-27 13:48:44,211:INFO:Starting cross validation
2026-05-27 13:48:44,211:INFO:Cross validating with StratifiedKFold(n_splits=10, random_state=None, shuffle=False), n_jobs=-1
2026-05-27 13:48:44,324:INFO:Calculating mean and std
2026-05-27 13:48:44,324:INFO:Creating metrics dataframe
2026-05-27 13:48:44,324:INFO:Uploading results into container
2026-05-27 13:48:44,325:INFO:Uploading model into container now
2026-05-27 13:48:44,325:INFO:_master_model_container: 2
2026-05-27 13:48:44,325:INFO:_display_container: 2
2026-05-27 13:48:44,325:INFO:KNeighborsClassifier(algorithm='auto', leaf_size=30, metric='minkowski',
                     metric_params=None, n_jobs=-1, n_neighbors=5, p=2,
                     weights='uniform')
2026-05-27 13:48:44,325:INFO:create_model() successfully completed......................................
2026-05-27 13:48:44,368:INFO:SubProcess create_model() end ==================================
2026-05-27 13:48:44,368:INFO:Creating metrics dataframe
2026-05-27 13:48:44,369:INFO:Initializing Naive Bayes
2026-05-27 13:48:44,369:INFO:Total runtime is 0.05510294834772746 minutes
2026-05-27 13:48:44,370:INFO:SubProcess create_model() called ==================================
2026-05-27 13:48:44,370:INFO:Initializing create_model()
2026-05-27 13:48:44,370:INFO:create_model(self=<pycaret.classification.oop.ClassificationExperiment object at 0x30c624910>, estimator=nb, fold=StratifiedKFold(n_splits=10, random_state=None, shuffle=False), round=4, cross_validation=True, predict=True, fit_kwargs={}, groups=None, refit=False, probability_threshold=None, experiment_custom_tags=None, verbose=False, system=False, add_to_model_list=True, metrics=None, display=<pycaret.internal.display.display.CommonDisplay object at 0x310028a60>, model_only=True, return_train_score=False, error_score=0.0, kwargs={})
2026-05-27 13:48:44,370:INFO:Checking exceptions
2026-05-27 13:48:44,370:INFO:Importing libraries
2026-05-27 13:48:44,370:INFO:Copying training dataset
2026-05-27 13:48:44,372:INFO:Defining folds
2026-05-27 13:48:44,372:INFO:Declaring metric variables
2026-05-27 13:48:44,372:INFO:Importing untrained model
2026-05-27 13:48:44,373:INFO:Naive Bayes Imported successfully
2026-05-27 13:48:44,373:INFO:Starting cross validation
2026-05-27 13:48:44,373:INFO:Cross validating with StratifiedKFold(n_splits=10, random_state=None, shuffle=False), n_jobs=-1
2026-05-27 13:48:44,412:INFO:Calculating mean and std
2026-05-27 13:48:44,412:INFO:Creating metrics dataframe
2026-05-27 13:48:44,413:INFO:Uploading results into container
2026-05-27 13:48:44,413:INFO:Uploading model into container now
2026-05-27 13:48:44,413:INFO:_master_model_container: 3
2026-05-27 13:48:44,413:INFO:_display_container: 2
2026-05-27 13:48:44,413:INFO:GaussianNB(priors=None, var_smoothing=1e-09)
2026-05-27 13:48:44,413:INFO:create_model() successfully completed......................................
2026-05-27 13:48:44,458:INFO:SubProcess create_model() end ==================================
2026-05-27 13:48:44,458:INFO:Creating metrics dataframe
2026-05-27 13:48:44,459:INFO:Initializing Decision Tree Classifier
2026-05-27 13:48:44,459:INFO:Total runtime is 0.05659008423487345 minutes
2026-05-27 13:48:44,459:INFO:SubProcess create_model() called ==================================
2026-05-27 13:48:44,459:INFO:Initializing create_model()
2026-05-27 13:48:44,459:INFO:create_model(self=<pycaret.classification.oop.ClassificationExperiment object at 0x30c624910>, estimator=dt, fold=StratifiedKFold(n_splits=10, random_state=None, shuffle=False), round=4, cross_validation=True, predict=True, fit_kwargs={}, groups=None, refit=False, probability_threshold=None, experiment_custom_tags=None, verbose=False, system=False, add_to_model_list=True, metrics=None, display=<pycaret.internal.display.display.CommonDisplay object at 0x310028a60>, model_only=True, return_train_score=False, error_score=0.0, kwargs={})
2026-05-27 13:48:44,459:INFO:Checking exceptions
2026-05-27 13:48:44,459:INFO:Importing libraries
2026-05-27 13:48:44,459:INFO:Copying training dataset
2026-05-27 13:48:44,462:INFO:Defining folds
2026-05-27 13:48:44,462:INFO:Declaring metric variables
2026-05-27 13:48:44,462:INFO:Importing untrained model
2026-05-27 13:48:44,462:INFO:Decision Tree Classifier Imported successfully
2026-05-27 13:48:44,462:INFO:Starting cross validation
2026-05-27 13:48:44,462:INFO:Cross validating with StratifiedKFold(n_splits=10, random_state=None, shuffle=False), n_jobs=-1
2026-05-27 13:48:44,608:INFO:Calculating mean and std
2026-05-27 13:48:44,608:INFO:Creating metrics dataframe
2026-05-27 13:48:44,608:INFO:Uploading results into container
2026-05-27 13:48:44,608:INFO:Uploading model into container now
2026-05-27 13:48:44,609:INFO:_master_model_container: 4
2026-05-27 13:48:44,609:INFO:_display_container: 2
2026-05-27 13:48:44,609:INFO:DecisionTreeClassifier(ccp_alpha=0.0, class_weight=None, criterion='gini',
                       max_depth=None, max_features=None, max_leaf_nodes=None,
                       min_impurity_decrease=0.0, min_samples_leaf=1,
                       min_samples_split=2, min_weight_fraction_leaf=0.0,
                       monotonic_cst=None, random_state=6711, splitter='best')
2026-05-27 13:48:44,609:INFO:create_model() successfully completed......................................
2026-05-27 13:48:44,650:INFO:SubProcess create_model() end ==================================
2026-05-27 13:48:44,650:INFO:Creating metrics dataframe
2026-05-27 13:48:44,651:INFO:Initializing SVM - Linear Kernel
2026-05-27 13:48:44,651:INFO:Total runtime is 0.059797767798105875 minutes
2026-05-27 13:48:44,651:INFO:SubProcess create_model() called ==================================
2026-05-27 13:48:44,651:INFO:Initializing create_model()
2026-05-27 13:48:44,651:INFO:create_model(self=<pycaret.classification.oop.ClassificationExperiment object at 0x30c624910>, estimator=svm, fold=StratifiedKFold(n_splits=10, random_state=None, shuffle=False), round=4, cross_validation=True, predict=True, fit_kwargs={}, groups=None, refit=False, probability_threshold=None, experiment_custom_tags=None, verbose=False, system=False, add_to_model_list=True, metrics=None, display=<pycaret.internal.display.display.CommonDisplay object at 0x310028a60>, model_only=True, return_train_score=False, error_score=0.0, kwargs={})
2026-05-27 13:48:44,651:INFO:Checking exceptions
2026-05-27 13:48:44,651:INFO:Importing libraries
2026-05-27 13:48:44,651:INFO:Copying training dataset
2026-05-27 13:48:44,654:INFO:Defining folds
2026-05-27 13:48:44,654:INFO:Declaring metric variables
2026-05-27 13:48:44,654:INFO:Importing untrained model
2026-05-27 13:48:44,654:INFO:SVM - Linear Kernel Imported successfully
2026-05-27 13:48:44,654:INFO:Starting cross validation
2026-05-27 13:48:44,654:INFO:Cross validating with StratifiedKFold(n_splits=10, random_state=None, shuffle=False), n_jobs=-1
2026-05-27 13:48:44,719:INFO:Calculating mean and std
2026-05-27 13:48:44,719:INFO:Creating metrics dataframe
2026-05-27 13:48:44,720:INFO:Uploading results into container
2026-05-27 13:48:44,720:INFO:Uploading model into container now
2026-05-27 13:48:44,720:INFO:_master_model_container: 5
2026-05-27 13:48:44,720:INFO:_display_container: 2
2026-05-27 13:48:44,720:INFO:SGDClassifier(alpha=0.0001, average=False, class_weight=None,
              early_stopping=False, epsilon=0.1, eta0=0.001, fit_intercept=True,
              l1_ratio=0.15, learning_rate='optimal', loss='hinge',
              max_iter=1000, n_iter_no_change=5, n_jobs=-1, penalty='l2',
              power_t=0.5, random_state=6711, shuffle=True, tol=0.001,
              validation_fraction=0.1, verbose=0, warm_start=False)
2026-05-27 13:48:44,720:INFO:create_model() successfully completed......................................
2026-05-27 13:48:44,765:INFO:SubProcess create_model() end ==================================
2026-05-27 13:48:44,765:INFO:Creating metrics dataframe
2026-05-27 13:48:44,767:INFO:Initializing Ridge Classifier
2026-05-27 13:48:44,767:INFO:Total runtime is 0.06172214746475219 minutes
2026-05-27 13:48:44,767:INFO:SubProcess create_model() called ==================================
2026-05-27 13:48:44,767:INFO:Initializing create_model()
2026-05-27 13:48:44,767:INFO:create_model(self=<pycaret.classification.oop.ClassificationExperiment object at 0x30c624910>, estimator=ridge, fold=StratifiedKFold(n_splits=10, random_state=None, shuffle=False), round=4, cross_validation=True, predict=True, fit_kwargs={}, groups=None, refit=False, probability_threshold=None, experiment_custom_tags=None, verbose=False, system=False, add_to_model_list=True, metrics=None, display=<pycaret.internal.display.display.CommonDisplay object at 0x310028a60>, model_only=True, return_train_score=False, error_score=0.0, kwargs={})
2026-05-27 13:48:44,767:INFO:Checking exceptions
2026-05-27 13:48:44,767:INFO:Importing libraries
2026-05-27 13:48:44,767:INFO:Copying training dataset
2026-05-27 13:48:44,770:INFO:Defining folds
2026-05-27 13:48:44,770:INFO:Declaring metric variables
2026-05-27 13:48:44,770:INFO:Importing untrained model
2026-05-27 13:48:44,770:INFO:Ridge Classifier Imported successfully
2026-05-27 13:48:44,770:INFO:Starting cross validation
2026-05-27 13:48:44,771:INFO:Cross validating with StratifiedKFold(n_splits=10, random_state=None, shuffle=False), n_jobs=-1
2026-05-27 13:48:44,811:INFO:Calculating mean and std
2026-05-27 13:48:44,811:INFO:Creating metrics dataframe
2026-05-27 13:48:44,812:INFO:Uploading results into container
2026-05-27 13:48:44,812:INFO:Uploading model into container now
2026-05-27 13:48:44,812:INFO:_master_model_container: 6
2026-05-27 13:48:44,812:INFO:_display_container: 2
2026-05-27 13:48:44,812:INFO:RidgeClassifier(alpha=1.0, class_weight=None, copy_X=True, fit_intercept=True,
                max_iter=None, positive=False, random_state=6711, solver='auto',
                tol=0.0001)
2026-05-27 13:48:44,812:INFO:create_model() successfully completed......................................
2026-05-27 13:48:44,856:INFO:SubProcess create_model() end ==================================
2026-05-27 13:48:44,856:INFO:Creating metrics dataframe
2026-05-27 13:48:44,857:INFO:Initializing Random Forest Classifier
2026-05-27 13:48:44,857:INFO:Total runtime is 0.06322796742121378 minutes
2026-05-27 13:48:44,857:INFO:SubProcess create_model() called ==================================
2026-05-27 13:48:44,857:INFO:Initializing create_model()
2026-05-27 13:48:44,857:INFO:create_model(self=<pycaret.classification.oop.ClassificationExperiment object at 0x30c624910>, estimator=rf, fold=StratifiedKFold(n_splits=10, random_state=None, shuffle=False), round=4, cross_validation=True, predict=True, fit_kwargs={}, groups=None, refit=False, probability_threshold=None, experiment_custom_tags=None, verbose=False, system=False, add_to_model_list=True, metrics=None, display=<pycaret.internal.display.display.CommonDisplay object at 0x310028a60>, model_only=True, return_train_score=False, error_score=0.0, kwargs={})
2026-05-27 13:48:44,857:INFO:Checking exceptions
2026-05-27 13:48:44,857:INFO:Importing libraries
2026-05-27 13:48:44,857:INFO:Copying training dataset
2026-05-27 13:48:44,860:INFO:Defining folds
2026-05-27 13:48:44,860:INFO:Declaring metric variables
2026-05-27 13:48:44,860:INFO:Importing untrained model
2026-05-27 13:48:44,860:INFO:Random Forest Classifier Imported successfully
2026-05-27 13:48:44,860:INFO:Starting cross validation
2026-05-27 13:48:44,860:INFO:Cross validating with StratifiedKFold(n_splits=10, random_state=None, shuffle=False), n_jobs=-1
2026-05-27 13:48:46,153:INFO:Calculating mean and std
2026-05-27 13:48:46,153:INFO:Creating metrics dataframe
2026-05-27 13:48:46,154:INFO:Uploading results into container
2026-05-27 13:48:46,154:INFO:Uploading model into container now
2026-05-27 13:48:46,154:INFO:_master_model_container: 7
2026-05-27 13:48:46,154:INFO:_display_container: 2
2026-05-27 13:48:46,154:INFO:RandomForestClassifier(bootstrap=True, ccp_alpha=0.0, class_weight=None,
                       criterion='gini', max_depth=None, max_features='sqrt',
                       max_leaf_nodes=None, max_samples=None,
                       min_impurity_decrease=0.0, min_samples_leaf=1,
                       min_samples_split=2, min_weight_fraction_leaf=0.0,
                       monotonic_cst=None, n_estimators=100, n_jobs=-1,
                       oob_score=False, random_state=6711, verbose=0,
                       warm_start=False)
2026-05-27 13:48:46,154:INFO:create_model() successfully completed......................................
2026-05-27 13:48:46,198:INFO:SubProcess create_model() end ==================================
2026-05-27 13:48:46,198:INFO:Creating metrics dataframe
2026-05-27 13:48:46,199:INFO:Initializing Quadratic Discriminant Analysis
2026-05-27 13:48:46,199:INFO:Total runtime is 0.08560248215993245 minutes
2026-05-27 13:48:46,199:INFO:SubProcess create_model() called ==================================
2026-05-27 13:48:46,200:INFO:Initializing create_model()
2026-05-27 13:48:46,200:INFO:create_model(self=<pycaret.classification.oop.ClassificationExperiment object at 0x30c624910>, estimator=qda, fold=StratifiedKFold(n_splits=10, random_state=None, shuffle=False), round=4, cross_validation=True, predict=True, fit_kwargs={}, groups=None, refit=False, probability_threshold=None, experiment_custom_tags=None, verbose=False, system=False, add_to_model_list=True, metrics=None, display=<pycaret.internal.display.display.CommonDisplay object at 0x310028a60>, model_only=True, return_train_score=False, error_score=0.0, kwargs={})
2026-05-27 13:48:46,200:INFO:Checking exceptions
2026-05-27 13:48:46,200:INFO:Importing libraries
2026-05-27 13:48:46,200:INFO:Copying training dataset
2026-05-27 13:48:46,202:INFO:Defining folds
2026-05-27 13:48:46,202:INFO:Declaring metric variables
2026-05-27 13:48:46,202:INFO:Importing untrained model
2026-05-27 13:48:46,202:INFO:Quadratic Discriminant Analysis Imported successfully
2026-05-27 13:48:46,202:INFO:Starting cross validation
2026-05-27 13:48:46,203:INFO:Cross validating with StratifiedKFold(n_splits=10, random_state=None, shuffle=False), n_jobs=-1
2026-05-27 13:48:46,255:INFO:Calculating mean and std
2026-05-27 13:48:46,255:INFO:Creating metrics dataframe
2026-05-27 13:48:46,256:INFO:Uploading results into container
2026-05-27 13:48:46,256:INFO:Uploading model into container now
2026-05-27 13:48:46,256:INFO:_master_model_container: 8
2026-05-27 13:48:46,256:INFO:_display_container: 2
2026-05-27 13:48:46,256:INFO:QuadraticDiscriminantAnalysis(priors=None, reg_param=0.0,
                              store_covariance=False, tol=0.0001)
2026-05-27 13:48:46,256:INFO:create_model() successfully completed......................................
2026-05-27 13:48:46,300:INFO:SubProcess create_model() end ==================================
2026-05-27 13:48:46,300:INFO:Creating metrics dataframe
2026-05-27 13:48:46,301:INFO:Initializing Ada Boost Classifier
2026-05-27 13:48:46,301:INFO:Total runtime is 0.08729241689046223 minutes
2026-05-27 13:48:46,301:INFO:SubProcess create_model() called ==================================
2026-05-27 13:48:46,301:INFO:Initializing create_model()
2026-05-27 13:48:46,301:INFO:create_model(self=<pycaret.classification.oop.ClassificationExperiment object at 0x30c624910>, estimator=ada, fold=StratifiedKFold(n_splits=10, random_state=None, shuffle=False), round=4, cross_validation=True, predict=True, fit_kwargs={}, groups=None, refit=False, probability_threshold=None, experiment_custom_tags=None, verbose=False, system=False, add_to_model_list=True, metrics=None, display=<pycaret.internal.display.display.CommonDisplay object at 0x310028a60>, model_only=True, return_train_score=False, error_score=0.0, kwargs={})
2026-05-27 13:48:46,301:INFO:Checking exceptions
2026-05-27 13:48:46,301:INFO:Importing libraries
2026-05-27 13:48:46,301:INFO:Copying training dataset
2026-05-27 13:48:46,304:INFO:Defining folds
2026-05-27 13:48:46,304:INFO:Declaring metric variables
2026-05-27 13:48:46,304:INFO:Importing untrained model
2026-05-27 13:48:46,304:INFO:Ada Boost Classifier Imported successfully
2026-05-27 13:48:46,304:INFO:Starting cross validation
2026-05-27 13:48:46,304:INFO:Cross validating with StratifiedKFold(n_splits=10, random_state=None, shuffle=False), n_jobs=-1
2026-05-27 13:48:46,313:WARNING:/Users/javierrafaelmitogonguemanguema/Desktop/MASTER CLASSES/DATAHEALTH/FINALPROJECT/DatahealthProject/project_venv/lib/python3.10/site-packages/sklearn/ensemble/_weight_boosting.py:519: FutureWarning: The SAMME.R algorithm (the default) is deprecated and will be removed in 1.6. Use the SAMME algorithm to circumvent this warning.
  warnings.warn(

2026-05-27 13:48:46,313:WARNING:/Users/javierrafaelmitogonguemanguema/Desktop/MASTER CLASSES/DATAHEALTH/FINALPROJECT/DatahealthProject/project_venv/lib/python3.10/site-packages/sklearn/ensemble/_weight_boosting.py:519: FutureWarning: The SAMME.R algorithm (the default) is deprecated and will be removed in 1.6. Use the SAMME algorithm to circumvent this warning.
  warnings.warn(

2026-05-27 13:48:46,318:WARNING:/Users/javierrafaelmitogonguemanguema/Desktop/MASTER CLASSES/DATAHEALTH/FINALPROJECT/DatahealthProject/project_venv/lib/python3.10/site-packages/sklearn/ensemble/_weight_boosting.py:519: FutureWarning: The SAMME.R algorithm (the default) is deprecated and will be removed in 1.6. Use the SAMME algorithm to circumvent this warning.
  warnings.warn(

2026-05-27 13:48:46,322:WARNING:/Users/javierrafaelmitogonguemanguema/Desktop/MASTER CLASSES/DATAHEALTH/FINALPROJECT/DatahealthProject/project_venv/lib/python3.10/site-packages/sklearn/ensemble/_weight_boosting.py:519: FutureWarning: The SAMME.R algorithm (the default) is deprecated and will be removed in 1.6. Use the SAMME algorithm to circumvent this warning.
  warnings.warn(

2026-05-27 13:48:46,330:WARNING:/Users/javierrafaelmitogonguemanguema/Desktop/MASTER CLASSES/DATAHEALTH/FINALPROJECT/DatahealthProject/project_venv/lib/python3.10/site-packages/sklearn/ensemble/_weight_boosting.py:519: FutureWarning: The SAMME.R algorithm (the default) is deprecated and will be removed in 1.6. Use the SAMME algorithm to circumvent this warning.
  warnings.warn(

2026-05-27 13:48:46,330:WARNING:/Users/javierrafaelmitogonguemanguema/Desktop/MASTER CLASSES/DATAHEALTH/FINALPROJECT/DatahealthProject/project_venv/lib/python3.10/site-packages/sklearn/ensemble/_weight_boosting.py:519: FutureWarning: The SAMME.R algorithm (the default) is deprecated and will be removed in 1.6. Use the SAMME algorithm to circumvent this warning.
  warnings.warn(

2026-05-27 13:48:46,332:WARNING:/Users/javierrafaelmitogonguemanguema/Desktop/MASTER CLASSES/DATAHEALTH/FINALPROJECT/DatahealthProject/project_venv/lib/python3.10/site-packages/sklearn/ensemble/_weight_boosting.py:519: FutureWarning: The SAMME.R algorithm (the default) is deprecated and will be removed in 1.6. Use the SAMME algorithm to circumvent this warning.
  warnings.warn(

2026-05-27 13:48:46,347:WARNING:/Users/javierrafaelmitogonguemanguema/Desktop/MASTER CLASSES/DATAHEALTH/FINALPROJECT/DatahealthProject/project_venv/lib/python3.10/site-packages/sklearn/ensemble/_weight_boosting.py:519: FutureWarning: The SAMME.R algorithm (the default) is deprecated and will be removed in 1.6. Use the SAMME algorithm to circumvent this warning.
  warnings.warn(

2026-05-27 13:48:46,609:WARNING:/Users/javierrafaelmitogonguemanguema/Desktop/MASTER CLASSES/DATAHEALTH/FINALPROJECT/DatahealthProject/project_venv/lib/python3.10/site-packages/sklearn/ensemble/_weight_boosting.py:519: FutureWarning: The SAMME.R algorithm (the default) is deprecated and will be removed in 1.6. Use the SAMME algorithm to circumvent this warning.
  warnings.warn(

2026-05-27 13:48:46,628:WARNING:/Users/javierrafaelmitogonguemanguema/Desktop/MASTER CLASSES/DATAHEALTH/FINALPROJECT/DatahealthProject/project_venv/lib/python3.10/site-packages/sklearn/ensemble/_weight_boosting.py:519: FutureWarning: The SAMME.R algorithm (the default) is deprecated and will be removed in 1.6. Use the SAMME algorithm to circumvent this warning.
  warnings.warn(

2026-05-27 13:48:46,857:INFO:Calculating mean and std
2026-05-27 13:48:46,858:INFO:Creating metrics dataframe
2026-05-27 13:48:46,858:INFO:Uploading results into container
2026-05-27 13:48:46,858:INFO:Uploading model into container now
2026-05-27 13:48:46,858:INFO:_master_model_container: 9
2026-05-27 13:48:46,858:INFO:_display_container: 2
2026-05-27 13:48:46,859:INFO:AdaBoostClassifier(algorithm='SAMME.R', estimator=None, learning_rate=1.0,
                   n_estimators=50, random_state=6711)
2026-05-27 13:48:46,859:INFO:create_model() successfully completed......................................
2026-05-27 13:48:46,902:INFO:SubProcess create_model() end ==================================
2026-05-27 13:48:46,902:INFO:Creating metrics dataframe
2026-05-27 13:48:46,903:INFO:Initializing Gradient Boosting Classifier
2026-05-27 13:48:46,903:INFO:Total runtime is 0.09732441902160643 minutes
2026-05-27 13:48:46,903:INFO:SubProcess create_model() called ==================================
2026-05-27 13:48:46,903:INFO:Initializing create_model()
2026-05-27 13:48:46,903:INFO:create_model(self=<pycaret.classification.oop.ClassificationExperiment object at 0x30c624910>, estimator=gbc, fold=StratifiedKFold(n_splits=10, random_state=None, shuffle=False), round=4, cross_validation=True, predict=True, fit_kwargs={}, groups=None, refit=False, probability_threshold=None, experiment_custom_tags=None, verbose=False, system=False, add_to_model_list=True, metrics=None, display=<pycaret.internal.display.display.CommonDisplay object at 0x310028a60>, model_only=True, return_train_score=False, error_score=0.0, kwargs={})
2026-05-27 13:48:46,903:INFO:Checking exceptions
2026-05-27 13:48:46,903:INFO:Importing libraries
2026-05-27 13:48:46,903:INFO:Copying training dataset
2026-05-27 13:48:46,906:INFO:Defining folds
2026-05-27 13:48:46,906:INFO:Declaring metric variables
2026-05-27 13:48:46,906:INFO:Importing untrained model
2026-05-27 13:48:46,906:INFO:Gradient Boosting Classifier Imported successfully
2026-05-27 13:48:46,906:INFO:Starting cross validation
2026-05-27 13:48:46,906:INFO:Cross validating with StratifiedKFold(n_splits=10, random_state=None, shuffle=False), n_jobs=-1
2026-05-27 13:48:49,192:INFO:Calculating mean and std
2026-05-27 13:48:49,192:INFO:Creating metrics dataframe
2026-05-27 13:48:49,193:INFO:Uploading results into container
2026-05-27 13:48:49,193:INFO:Uploading model into container now
2026-05-27 13:48:49,193:INFO:_master_model_container: 10
2026-05-27 13:48:49,193:INFO:_display_container: 2
2026-05-27 13:48:49,193:INFO:GradientBoostingClassifier(ccp_alpha=0.0, criterion='friedman_mse', init=None,
                           learning_rate=0.1, loss='log_loss', max_depth=3,
                           max_features=None, max_leaf_nodes=None,
                           min_impurity_decrease=0.0, min_samples_leaf=1,
                           min_samples_split=2, min_weight_fraction_leaf=0.0,
                           n_estimators=100, n_iter_no_change=None,
                           random_state=6711, subsample=1.0, tol=0.0001,
                           validation_fraction=0.1, verbose=0,
                           warm_start=False)
2026-05-27 13:48:49,193:INFO:create_model() successfully completed......................................
2026-05-27 13:48:49,233:INFO:SubProcess create_model() end ==================================
2026-05-27 13:48:49,233:INFO:Creating metrics dataframe
2026-05-27 13:48:49,234:INFO:Initializing Linear Discriminant Analysis
2026-05-27 13:48:49,234:INFO:Total runtime is 0.13617671728134154 minutes
2026-05-27 13:48:49,234:INFO:SubProcess create_model() called ==================================
2026-05-27 13:48:49,234:INFO:Initializing create_model()
2026-05-27 13:48:49,234:INFO:create_model(self=<pycaret.classification.oop.ClassificationExperiment object at 0x30c624910>, estimator=lda, fold=StratifiedKFold(n_splits=10, random_state=None, shuffle=False), round=4, cross_validation=True, predict=True, fit_kwargs={}, groups=None, refit=False, probability_threshold=None, experiment_custom_tags=None, verbose=False, system=False, add_to_model_list=True, metrics=None, display=<pycaret.internal.display.display.CommonDisplay object at 0x310028a60>, model_only=True, return_train_score=False, error_score=0.0, kwargs={})
2026-05-27 13:48:49,234:INFO:Checking exceptions
2026-05-27 13:48:49,234:INFO:Importing libraries
2026-05-27 13:48:49,234:INFO:Copying training dataset
2026-05-27 13:48:49,237:INFO:Defining folds
2026-05-27 13:48:49,237:INFO:Declaring metric variables
2026-05-27 13:48:49,237:INFO:Importing untrained model
2026-05-27 13:48:49,237:INFO:Linear Discriminant Analysis Imported successfully
2026-05-27 13:48:49,237:INFO:Starting cross validation
2026-05-27 13:48:49,237:INFO:Cross validating with StratifiedKFold(n_splits=10, random_state=None, shuffle=False), n_jobs=-1
2026-05-27 13:48:49,289:INFO:Calculating mean and std
2026-05-27 13:48:49,289:INFO:Creating metrics dataframe
2026-05-27 13:48:49,290:INFO:Uploading results into container
2026-05-27 13:48:49,290:INFO:Uploading model into container now
2026-05-27 13:48:49,290:INFO:_master_model_container: 11
2026-05-27 13:48:49,290:INFO:_display_container: 2
2026-05-27 13:48:49,290:INFO:LinearDiscriminantAnalysis(covariance_estimator=None, n_components=None,
                           priors=None, shrinkage=None, solver='svd',
                           store_covariance=False, tol=0.0001)
2026-05-27 13:48:49,290:INFO:create_model() successfully completed......................................
2026-05-27 13:48:49,331:INFO:SubProcess create_model() end ==================================
2026-05-27 13:48:49,332:INFO:Creating metrics dataframe
2026-05-27 13:48:49,333:INFO:Initializing Extra Trees Classifier
2026-05-27 13:48:49,333:INFO:Total runtime is 0.13782211542129516 minutes
2026-05-27 13:48:49,333:INFO:SubProcess create_model() called ==================================
2026-05-27 13:48:49,333:INFO:Initializing create_model()
2026-05-27 13:48:49,333:INFO:create_model(self=<pycaret.classification.oop.ClassificationExperiment object at 0x30c624910>, estimator=et, fold=StratifiedKFold(n_splits=10, random_state=None, shuffle=False), round=4, cross_validation=True, predict=True, fit_kwargs={}, groups=None, refit=False, probability_threshold=None, experiment_custom_tags=None, verbose=False, system=False, add_to_model_list=True, metrics=None, display=<pycaret.internal.display.display.CommonDisplay object at 0x310028a60>, model_only=True, return_train_score=False, error_score=0.0, kwargs={})
2026-05-27 13:48:49,333:INFO:Checking exceptions
2026-05-27 13:48:49,333:INFO:Importing libraries
2026-05-27 13:48:49,333:INFO:Copying training dataset
2026-05-27 13:48:49,336:INFO:Defining folds
2026-05-27 13:48:49,336:INFO:Declaring metric variables
2026-05-27 13:48:49,336:INFO:Importing untrained model
2026-05-27 13:48:49,336:INFO:Extra Trees Classifier Imported successfully
2026-05-27 13:48:49,336:INFO:Starting cross validation
2026-05-27 13:48:49,336:INFO:Cross validating with StratifiedKFold(n_splits=10, random_state=None, shuffle=False), n_jobs=-1
2026-05-27 13:48:49,906:INFO:Calculating mean and std
2026-05-27 13:48:49,907:INFO:Creating metrics dataframe
2026-05-27 13:48:49,907:INFO:Uploading results into container
2026-05-27 13:48:49,908:INFO:Uploading model into container now
2026-05-27 13:48:49,908:INFO:_master_model_container: 12
2026-05-27 13:48:49,908:INFO:_display_container: 2
2026-05-27 13:48:49,908:INFO:ExtraTreesClassifier(bootstrap=False, ccp_alpha=0.0, class_weight=None,
                     criterion='gini', max_depth=None, max_features='sqrt',
                     max_leaf_nodes=None, max_samples=None,
                     min_impurity_decrease=0.0, min_samples_leaf=1,
                     min_samples_split=2, min_weight_fraction_leaf=0.0,
                     monotonic_cst=None, n_estimators=100, n_jobs=-1,
                     oob_score=False, random_state=6711, verbose=0,
                     warm_start=False)
2026-05-27 13:48:49,908:INFO:create_model() successfully completed......................................
2026-05-27 13:48:49,947:INFO:SubProcess create_model() end ==================================
2026-05-27 13:48:49,947:INFO:Creating metrics dataframe
2026-05-27 13:48:49,948:INFO:Initializing Extreme Gradient Boosting
2026-05-27 13:48:49,948:INFO:Total runtime is 0.14807503223419188 minutes
2026-05-27 13:48:49,948:INFO:SubProcess create_model() called ==================================
2026-05-27 13:48:49,948:INFO:Initializing create_model()
2026-05-27 13:48:49,948:INFO:create_model(self=<pycaret.classification.oop.ClassificationExperiment object at 0x30c624910>, estimator=xgboost, fold=StratifiedKFold(n_splits=10, random_state=None, shuffle=False), round=4, cross_validation=True, predict=True, fit_kwargs={}, groups=None, refit=False, probability_threshold=None, experiment_custom_tags=None, verbose=False, system=False, add_to_model_list=True, metrics=None, display=<pycaret.internal.display.display.CommonDisplay object at 0x310028a60>, model_only=True, return_train_score=False, error_score=0.0, kwargs={})
2026-05-27 13:48:49,948:INFO:Checking exceptions
2026-05-27 13:48:49,948:INFO:Importing libraries
2026-05-27 13:48:49,948:INFO:Copying training dataset
2026-05-27 13:48:49,951:INFO:Defining folds
2026-05-27 13:48:49,951:INFO:Declaring metric variables
2026-05-27 13:48:49,951:INFO:Importing untrained model
2026-05-27 13:48:49,951:INFO:Extreme Gradient Boosting Imported successfully
2026-05-27 13:48:49,951:INFO:Starting cross validation
2026-05-27 13:48:49,951:INFO:Cross validating with StratifiedKFold(n_splits=10, random_state=None, shuffle=False), n_jobs=-1
2026-05-27 13:48:50,237:INFO:Calculating mean and std
2026-05-27 13:48:50,238:INFO:Creating metrics dataframe
2026-05-27 13:48:50,238:INFO:Uploading results into container
2026-05-27 13:48:50,238:INFO:Uploading model into container now
2026-05-27 13:48:50,239:INFO:_master_model_container: 13
2026-05-27 13:48:50,239:INFO:_display_container: 2
2026-05-27 13:48:50,239:INFO:XGBClassifier(base_score=None, booster='gbtree', callbacks=None,
              colsample_bylevel=None, colsample_bynode=None,
              colsample_bytree=None, device='cpu', early_stopping_rounds=None,
              enable_categorical=False, eval_metric=None, feature_types=None,
              feature_weights=None, gamma=None, grow_policy=None,
              importance_type=None, interaction_constraints=None,
              learning_rate=None, max_bin=None, max_cat_threshold=None,
              max_cat_to_onehot=None, max_delta_step=None, max_depth=None,
              max_leaves=None, min_child_weight=None, missing=nan,
              monotone_constraints=None, multi_strategy=None, n_estimators=None,
              n_jobs=-1, num_parallel_tree=None, ...)
2026-05-27 13:48:50,239:INFO:create_model() successfully completed......................................
2026-05-27 13:48:50,279:INFO:SubProcess create_model() end ==================================
2026-05-27 13:48:50,279:INFO:Creating metrics dataframe
2026-05-27 13:48:50,280:INFO:Initializing Light Gradient Boosting Machine
2026-05-27 13:48:50,280:INFO:Total runtime is 0.15361626545588175 minutes
2026-05-27 13:48:50,280:INFO:SubProcess create_model() called ==================================
2026-05-27 13:48:50,280:INFO:Initializing create_model()
2026-05-27 13:48:50,280:INFO:create_model(self=<pycaret.classification.oop.ClassificationExperiment object at 0x30c624910>, estimator=lightgbm, fold=StratifiedKFold(n_splits=10, random_state=None, shuffle=False), round=4, cross_validation=True, predict=True, fit_kwargs={}, groups=None, refit=False, probability_threshold=None, experiment_custom_tags=None, verbose=False, system=False, add_to_model_list=True, metrics=None, display=<pycaret.internal.display.display.CommonDisplay object at 0x310028a60>, model_only=True, return_train_score=False, error_score=0.0, kwargs={})
2026-05-27 13:48:50,280:INFO:Checking exceptions
2026-05-27 13:48:50,280:INFO:Importing libraries
2026-05-27 13:48:50,280:INFO:Copying training dataset
2026-05-27 13:48:50,283:INFO:Defining folds
2026-05-27 13:48:50,283:INFO:Declaring metric variables
2026-05-27 13:48:50,283:INFO:Importing untrained model
2026-05-27 13:48:50,284:INFO:Light Gradient Boosting Machine Imported successfully
2026-05-27 13:48:50,284:INFO:Starting cross validation
2026-05-27 13:48:50,284:INFO:Cross validating with StratifiedKFold(n_splits=10, random_state=None, shuffle=False), n_jobs=-1
2026-05-27 13:48:52,354:INFO:Calculating mean and std
2026-05-27 13:48:52,354:INFO:Creating metrics dataframe
2026-05-27 13:48:52,354:INFO:Uploading results into container
2026-05-27 13:48:52,355:INFO:Uploading model into container now
2026-05-27 13:48:52,355:INFO:_master_model_container: 14
2026-05-27 13:48:52,355:INFO:_display_container: 2
2026-05-27 13:48:52,355:INFO:LGBMClassifier(boosting_type='gbdt', class_weight=None, colsample_bytree=1.0,
               importance_type='split', learning_rate=0.1, max_depth=-1,
               min_child_samples=20, min_child_weight=0.001, min_split_gain=0.0,
               n_estimators=100, n_jobs=-1, num_leaves=31, objective=None,
               random_state=6711, reg_alpha=0.0, reg_lambda=0.0, subsample=1.0,
               subsample_for_bin=200000, subsample_freq=0)
2026-05-27 13:48:52,355:INFO:create_model() successfully completed......................................
2026-05-27 13:48:52,394:INFO:SubProcess create_model() end ==================================
2026-05-27 13:48:52,394:INFO:Creating metrics dataframe
2026-05-27 13:48:52,395:INFO:Initializing Dummy Classifier
2026-05-27 13:48:52,395:INFO:Total runtime is 0.18886361916859945 minutes
2026-05-27 13:48:52,395:INFO:SubProcess create_model() called ==================================
2026-05-27 13:48:52,395:INFO:Initializing create_model()
2026-05-27 13:48:52,395:INFO:create_model(self=<pycaret.classification.oop.ClassificationExperiment object at 0x30c624910>, estimator=dummy, fold=StratifiedKFold(n_splits=10, random_state=None, shuffle=False), round=4, cross_validation=True, predict=True, fit_kwargs={}, groups=None, refit=False, probability_threshold=None, experiment_custom_tags=None, verbose=False, system=False, add_to_model_list=True, metrics=None, display=<pycaret.internal.display.display.CommonDisplay object at 0x310028a60>, model_only=True, return_train_score=False, error_score=0.0, kwargs={})
2026-05-27 13:48:52,395:INFO:Checking exceptions
2026-05-27 13:48:52,395:INFO:Importing libraries
2026-05-27 13:48:52,395:INFO:Copying training dataset
2026-05-27 13:48:52,398:INFO:Defining folds
2026-05-27 13:48:52,398:INFO:Declaring metric variables
2026-05-27 13:48:52,398:INFO:Importing untrained model
2026-05-27 13:48:52,398:INFO:Dummy Classifier Imported successfully
2026-05-27 13:48:52,398:INFO:Starting cross validation
2026-05-27 13:48:52,398:INFO:Cross validating with StratifiedKFold(n_splits=10, random_state=None, shuffle=False), n_jobs=-1
2026-05-27 13:48:52,411:WARNING:/Users/javierrafaelmitogonguemanguema/Desktop/MASTER CLASSES/DATAHEALTH/FINALPROJECT/DatahealthProject/project_venv/lib/python3.10/site-packages/sklearn/metrics/_classification.py:1509: UndefinedMetricWarning: Precision is ill-defined and being set to 0.0 due to no predicted samples. Use `zero_division` parameter to control this behavior.
  _warn_prf(average, modifier, f"{metric.capitalize()} is", len(result))

2026-05-27 13:48:52,411:WARNING:/Users/javierrafaelmitogonguemanguema/Desktop/MASTER CLASSES/DATAHEALTH/FINALPROJECT/DatahealthProject/project_venv/lib/python3.10/site-packages/sklearn/metrics/_classification.py:1509: UndefinedMetricWarning: Precision is ill-defined and being set to 0.0 due to no predicted samples. Use `zero_division` parameter to control this behavior.
  _warn_prf(average, modifier, f"{metric.capitalize()} is", len(result))

2026-05-27 13:48:52,412:WARNING:/Users/javierrafaelmitogonguemanguema/Desktop/MASTER CLASSES/DATAHEALTH/FINALPROJECT/DatahealthProject/project_venv/lib/python3.10/site-packages/sklearn/metrics/_classification.py:1509: UndefinedMetricWarning: Precision is ill-defined and being set to 0.0 due to no predicted samples. Use `zero_division` parameter to control this behavior.
  _warn_prf(average, modifier, f"{metric.capitalize()} is", len(result))

2026-05-27 13:48:52,418:WARNING:/Users/javierrafaelmitogonguemanguema/Desktop/MASTER CLASSES/DATAHEALTH/FINALPROJECT/DatahealthProject/project_venv/lib/python3.10/site-packages/sklearn/metrics/_classification.py:1509: UndefinedMetricWarning: Precision is ill-defined and being set to 0.0 due to no predicted samples. Use `zero_division` parameter to control this behavior.
  _warn_prf(average, modifier, f"{metric.capitalize()} is", len(result))

2026-05-27 13:48:52,419:WARNING:/Users/javierrafaelmitogonguemanguema/Desktop/MASTER CLASSES/DATAHEALTH/FINALPROJECT/DatahealthProject/project_venv/lib/python3.10/site-packages/sklearn/metrics/_classification.py:1509: UndefinedMetricWarning: Precision is ill-defined and being set to 0.0 due to no predicted samples. Use `zero_division` parameter to control this behavior.
  _warn_prf(average, modifier, f"{metric.capitalize()} is", len(result))

2026-05-27 13:48:52,420:WARNING:/Users/javierrafaelmitogonguemanguema/Desktop/MASTER CLASSES/DATAHEALTH/FINALPROJECT/DatahealthProject/project_venv/lib/python3.10/site-packages/sklearn/metrics/_classification.py:1509: UndefinedMetricWarning: Precision is ill-defined and being set to 0.0 due to no predicted samples. Use `zero_division` parameter to control this behavior.
  _warn_prf(average, modifier, f"{metric.capitalize()} is", len(result))

2026-05-27 13:48:52,421:WARNING:/Users/javierrafaelmitogonguemanguema/Desktop/MASTER CLASSES/DATAHEALTH/FINALPROJECT/DatahealthProject/project_venv/lib/python3.10/site-packages/sklearn/metrics/_classification.py:1509: UndefinedMetricWarning: Precision is ill-defined and being set to 0.0 due to no predicted samples. Use `zero_division` parameter to control this behavior.
  _warn_prf(average, modifier, f"{metric.capitalize()} is", len(result))

2026-05-27 13:48:52,425:WARNING:/Users/javierrafaelmitogonguemanguema/Desktop/MASTER CLASSES/DATAHEALTH/FINALPROJECT/DatahealthProject/project_venv/lib/python3.10/site-packages/sklearn/metrics/_classification.py:1509: UndefinedMetricWarning: Precision is ill-defined and being set to 0.0 due to no predicted samples. Use `zero_division` parameter to control this behavior.
  _warn_prf(average, modifier, f"{metric.capitalize()} is", len(result))

2026-05-27 13:48:52,428:WARNING:/Users/javierrafaelmitogonguemanguema/Desktop/MASTER CLASSES/DATAHEALTH/FINALPROJECT/DatahealthProject/project_venv/lib/python3.10/site-packages/sklearn/metrics/_classification.py:1509: UndefinedMetricWarning: Precision is ill-defined and being set to 0.0 due to no predicted samples. Use `zero_division` parameter to control this behavior.
  _warn_prf(average, modifier, f"{metric.capitalize()} is", len(result))

2026-05-27 13:48:52,428:WARNING:/Users/javierrafaelmitogonguemanguema/Desktop/MASTER CLASSES/DATAHEALTH/FINALPROJECT/DatahealthProject/project_venv/lib/python3.10/site-packages/sklearn/metrics/_classification.py:1509: UndefinedMetricWarning: Precision is ill-defined and being set to 0.0 due to no predicted samples. Use `zero_division` parameter to control this behavior.
  _warn_prf(average, modifier, f"{metric.capitalize()} is", len(result))

2026-05-27 13:48:52,440:INFO:Calculating mean and std
2026-05-27 13:48:52,440:INFO:Creating metrics dataframe
2026-05-27 13:48:52,440:INFO:Uploading results into container
2026-05-27 13:48:52,441:INFO:Uploading model into container now
2026-05-27 13:48:52,441:INFO:_master_model_container: 15
2026-05-27 13:48:52,441:INFO:_display_container: 2
2026-05-27 13:48:52,441:INFO:DummyClassifier(constant=None, random_state=6711, strategy='prior')
2026-05-27 13:48:52,441:INFO:create_model() successfully completed......................................
2026-05-27 13:48:52,481:INFO:SubProcess create_model() end ==================================
2026-05-27 13:48:52,481:INFO:Creating metrics dataframe
2026-05-27 13:48:52,483:WARNING:/Users/javierrafaelmitogonguemanguema/Desktop/MASTER CLASSES/DATAHEALTH/FINALPROJECT/DatahealthProject/project_venv/lib/python3.10/site-packages/pycaret/internal/pycaret_experiment/supervised_experiment.py:323: FutureWarning: Styler.applymap has been deprecated. Use Styler.map instead.
  master_display_.apply(

2026-05-27 13:48:52,484:INFO:Initializing create_model()
2026-05-27 13:48:52,484:INFO:create_model(self=<pycaret.classification.oop.ClassificationExperiment object at 0x30c624910>, estimator=ExtraTreesClassifier(bootstrap=False, ccp_alpha=0.0, class_weight=None,
                     criterion='gini', max_depth=None, max_features='sqrt',
                     max_leaf_nodes=None, max_samples=None,
                     min_impurity_decrease=0.0, min_samples_leaf=1,
                     min_samples_split=2, min_weight_fraction_leaf=0.0,
                     monotonic_cst=None, n_estimators=100, n_jobs=-1,
                     oob_score=False, random_state=6711, verbose=0,
                     warm_start=False), fold=StratifiedKFold(n_splits=10, random_state=None, shuffle=False), round=4, cross_validation=False, predict=False, fit_kwargs={}, groups=None, refit=True, probability_threshold=None, experiment_custom_tags=None, verbose=False, system=False, add_to_model_list=True, metrics=None, display=None, model_only=True, return_train_score=False, error_score=0.0, kwargs={})
2026-05-27 13:48:52,484:INFO:Checking exceptions
2026-05-27 13:48:52,484:INFO:Importing libraries
2026-05-27 13:48:52,484:INFO:Copying training dataset
2026-05-27 13:48:52,487:INFO:Defining folds
2026-05-27 13:48:52,487:INFO:Declaring metric variables
2026-05-27 13:48:52,487:INFO:Importing untrained model
2026-05-27 13:48:52,487:INFO:Declaring custom model
2026-05-27 13:48:52,487:INFO:Extra Trees Classifier Imported successfully
2026-05-27 13:48:52,487:INFO:Cross validation set to False
2026-05-27 13:48:52,487:INFO:Fitting Model
2026-05-27 13:48:52,563:INFO:ExtraTreesClassifier(bootstrap=False, ccp_alpha=0.0, class_weight=None,
                     criterion='gini', max_depth=None, max_features='sqrt',
                     max_leaf_nodes=None, max_samples=None,
                     min_impurity_decrease=0.0, min_samples_leaf=1,
                     min_samples_split=2, min_weight_fraction_leaf=0.0,
                     monotonic_cst=None, n_estimators=100, n_jobs=-1,
                     oob_score=False, random_state=6711, verbose=0,
                     warm_start=False)
2026-05-27 13:48:52,563:INFO:create_model() successfully completed......................................
2026-05-27 13:48:52,605:INFO:_master_model_container: 15
2026-05-27 13:48:52,605:INFO:_display_container: 2
2026-05-27 13:48:52,605:INFO:ExtraTreesClassifier(bootstrap=False, ccp_alpha=0.0, class_weight=None,
                     criterion='gini', max_depth=None, max_features='sqrt',
                     max_leaf_nodes=None, max_samples=None,
                     min_impurity_decrease=0.0, min_samples_leaf=1,
                     min_samples_split=2, min_weight_fraction_leaf=0.0,
                     monotonic_cst=None, n_estimators=100, n_jobs=-1,
                     oob_score=False, random_state=6711, verbose=0,
                     warm_start=False)
2026-05-27 13:48:52,605:INFO:compare_models() successfully completed......................................
2026-05-27 13:48:52,605:INFO:Initializing get_config()
2026-05-27 13:48:52,605:INFO:get_config(self=<pycaret.classification.oop.ClassificationExperiment object at 0x30c624910>, variable=X_test)
2026-05-27 13:48:52,605:INFO:Variable: 'X_test' used to return the transformed values in PyCaret 2.x. From PyCaret 3.x, this will return the raw values. If you need the transformed values, call get_config with 'X_test_transformed' instead.
2026-05-27 13:48:52,606:WARNING:/Users/javierrafaelmitogonguemanguema/Desktop/MASTER CLASSES/DATAHEALTH/FINALPROJECT/DatahealthProject/project_venv/lib/python3.10/site-packages/pycaret/internal/pycaret_experiment/pycaret_experiment.py:321: UserWarning: Variable: 'X_test' used to return the transformed values in PyCaret 2.x. From PyCaret 3.x, this will return the raw values. If you need the transformed values, call get_config with 'X_test_transformed' instead.
  warnings.warn(msg)  # print on screen

2026-05-27 13:48:52,614:INFO:Variable:  returned as        temperature    mean_bp  heart_rate     alt     ast  icu_los_hours  mechanical_ventilation  resp_rate  creatinine  ...  bilirubin_total  age  dialysis       spo2   wbc  platelets   bun  vasopressor  lactate
10285    36.896824  81.279999  109.083336    25.0    45.0             34                       0  22.166666         2.3  ...              0.4   63         0  98.041664  25.6      160.0  18.0            0      2.3
4640     36.845238  72.923080  109.441177    11.0    34.0            292                       0  26.529411         3.1  ...              2.5   55         0  97.764709  22.5       51.0  37.0            0     19.0
310      36.935184  74.199997   74.279999    22.0    47.0             73                       0  18.440001         2.1  ...              4.9   55         0  98.839996   8.6       38.0  89.0            0      1.4
9861     37.477779  74.000000   70.925926     9.0    16.0             25                       0  19.518518         1.5  ...              0.4   63         0  96.888885  13.0      168.0  24.0            0      0.7
9187     36.722221  72.260872   91.875000    31.0    27.0             71                       0  26.125000         0.5  ...              1.2   57         0  94.791664  31.0      673.0   9.0            0      1.3
...            ...        ...         ...     ...     ...            ...                     ...        ...         ...  ...              ...  ...       ...        ...   ...        ...   ...          ...      ...
2120     36.875999  72.480522  118.942856    13.0    26.0            290                       1  18.959459         0.5  ...              0.2   67         0  97.653336  10.6      196.0  14.0            1      4.7
9466     37.634922  71.243904   83.500000    31.0    63.0            275                       1  21.760870         3.5  ...              0.2   58         1  93.086960   5.2      240.0  41.0            1      1.3
6026     37.000000  67.743591   65.260872    92.0   203.0            407                       1  15.434783         1.8  ...              0.5   66         0  96.434784  17.0      230.0  46.0            1      3.0
4400     37.336510  81.933334   82.041664  2912.0  3548.0            126                       0  21.666666         2.7  ...              2.0   57         0  95.541664  14.4      104.0  89.0            0      2.4
935      36.472221  85.791664   96.760002    16.0    53.0             26                       0  33.119999         2.3  ...              0.6   88         0  94.879997  73.0       50.0  70.0            0      7.2

[1251 rows x 19 columns]
2026-05-27 13:48:52,614:INFO:get_config() successfully completed......................................
2026-05-27 13:48:52,614:INFO:Initializing get_config()
2026-05-27 13:48:52,614:INFO:get_config(self=<pycaret.classification.oop.ClassificationExperiment object at 0x30c624910>, variable=y_test)
2026-05-27 13:48:52,614:INFO:Variable: 'y_test' used to return the transformed values in PyCaret 2.x. From PyCaret 3.x, this will return the raw values. If you need the transformed values, call get_config with 'y_test_transformed' instead.
2026-05-27 13:48:52,614:WARNING:/Users/javierrafaelmitogonguemanguema/Desktop/MASTER CLASSES/DATAHEALTH/FINALPROJECT/DatahealthProject/project_venv/lib/python3.10/site-packages/pycaret/internal/pycaret_experiment/pycaret_experiment.py:321: UserWarning: Variable: 'y_test' used to return the transformed values in PyCaret 2.x. From PyCaret 3.x, this will return the raw values. If you need the transformed values, call get_config with 'y_test_transformed' instead.
  warnings.warn(msg)  # print on screen

2026-05-27 13:48:52,614:INFO:Variable:  returned as 10285    0
4640     0
310      0
9861     0
9187     0
        ..
2120     0
9466     0
6026     1
4400     1
935      0
Name: hospital_mortality, Length: 1251, dtype: int8
2026-05-27 13:48:52,614:INFO:get_config() successfully completed......................................
2026-05-27 14:07:59,532:WARNING:
'cuml' is a soft dependency and not included in the pycaret installation. Please run: `pip install cuml` to install.
2026-05-27 14:07:59,533:WARNING:
'cuml' is a soft dependency and not included in the pycaret installation. Please run: `pip install cuml` to install.
2026-05-27 14:07:59,533:WARNING:
'cuml' is a soft dependency and not included in the pycaret installation. Please run: `pip install cuml` to install.
2026-05-27 14:07:59,533:WARNING:
'cuml' is a soft dependency and not included in the pycaret installation. Please run: `pip install cuml` to install.
2026-05-27 14:09:17,806:WARNING:
'cuml' is a soft dependency and not included in the pycaret installation. Please run: `pip install cuml` to install.
2026-05-27 14:09:17,806:WARNING:
'cuml' is a soft dependency and not included in the pycaret installation. Please run: `pip install cuml` to install.
2026-05-27 14:09:17,806:WARNING:
'cuml' is a soft dependency and not included in the pycaret installation. Please run: `pip install cuml` to install.
2026-05-27 14:09:17,806:WARNING:
'cuml' is a soft dependency and not included in the pycaret installation. Please run: `pip install cuml` to install.
2026-05-27 14:15:29,435:WARNING:
'cuml' is a soft dependency and not included in the pycaret installation. Please run: `pip install cuml` to install.
2026-05-27 14:15:29,435:WARNING:
'cuml' is a soft dependency and not included in the pycaret installation. Please run: `pip install cuml` to install.
2026-05-27 14:15:29,435:WARNING:
'cuml' is a soft dependency and not included in the pycaret installation. Please run: `pip install cuml` to install.
2026-05-27 14:15:29,435:WARNING:
'cuml' is a soft dependency and not included in the pycaret installation. Please run: `pip install cuml` to install.
2026-05-27 14:31:57,560:WARNING:
'cuml' is a soft dependency and not included in the pycaret installation. Please run: `pip install cuml` to install.
2026-05-27 14:31:57,560:WARNING:
'cuml' is a soft dependency and not included in the pycaret installation. Please run: `pip install cuml` to install.
2026-05-27 14:31:57,560:WARNING:
'cuml' is a soft dependency and not included in the pycaret installation. Please run: `pip install cuml` to install.
2026-05-27 14:31:57,560:WARNING:
'cuml' is a soft dependency and not included in the pycaret installation. Please run: `pip install cuml` to install.
2026-05-27 14:41:32,160:WARNING:
'cuml' is a soft dependency and not included in the pycaret installation. Please run: `pip install cuml` to install.
2026-05-27 14:41:32,161:WARNING:
'cuml' is a soft dependency and not included in the pycaret installation. Please run: `pip install cuml` to install.
2026-05-27 14:41:32,161:WARNING:
'cuml' is a soft dependency and not included in the pycaret installation. Please run: `pip install cuml` to install.
2026-05-27 14:41:32,161:WARNING:
'cuml' is a soft dependency and not included in the pycaret installation. Please run: `pip install cuml` to install.
2026-05-27 14:56:18,827:WARNING:
'cuml' is a soft dependency and not included in the pycaret installation. Please run: `pip install cuml` to install.
2026-05-27 14:56:18,827:WARNING:
'cuml' is a soft dependency and not included in the pycaret installation. Please run: `pip install cuml` to install.
2026-05-27 14:56:18,828:WARNING:
'cuml' is a soft dependency and not included in the pycaret installation. Please run: `pip install cuml` to install.
2026-05-27 14:56:18,828:WARNING:
'cuml' is a soft dependency and not included in the pycaret installation. Please run: `pip install cuml` to install.
2026-05-27 15:02:21,927:WARNING:
'cuml' is a soft dependency and not included in the pycaret installation. Please run: `pip install cuml` to install.
2026-05-27 15:02:21,927:WARNING:
'cuml' is a soft dependency and not included in the pycaret installation. Please run: `pip install cuml` to install.
2026-05-27 15:02:21,927:WARNING:
'cuml' is a soft dependency and not included in the pycaret installation. Please run: `pip install cuml` to install.
2026-05-27 15:02:21,927:WARNING:
'cuml' is a soft dependency and not included in the pycaret installation. Please run: `pip install cuml` to install.
2026-05-27 15:10:46,026:WARNING:
'cuml' is a soft dependency and not included in the pycaret installation. Please run: `pip install cuml` to install.
2026-05-27 15:10:46,027:WARNING:
'cuml' is a soft dependency and not included in the pycaret installation. Please run: `pip install cuml` to install.
2026-05-27 15:10:46,027:WARNING:
'cuml' is a soft dependency and not included in the pycaret installation. Please run: `pip install cuml` to install.
2026-05-27 15:10:46,027:WARNING:
'cuml' is a soft dependency and not included in the pycaret installation. Please run: `pip install cuml` to install.
2026-05-27 16:25:16,256:WARNING:
'cuml' is a soft dependency and not included in the pycaret installation. Please run: `pip install cuml` to install.
2026-05-27 16:25:16,257:WARNING:
'cuml' is a soft dependency and not included in the pycaret installation. Please run: `pip install cuml` to install.
2026-05-27 16:25:16,257:WARNING:
'cuml' is a soft dependency and not included in the pycaret installation. Please run: `pip install cuml` to install.
2026-05-27 16:25:16,257:WARNING:
'cuml' is a soft dependency and not included in the pycaret installation. Please run: `pip install cuml` to install.
